<?xml version="1.0" encoding="UTF-8"?>
<testng-results ignored="0" total="1" passed="1" failed="0" skipped="0">
  <reporter-output>
  </reporter-output>
  <suite started-at="2022-07-22T19:47:52 IST" name="Default suite" finished-at="2022-07-22T19:48:14 IST" duration-ms="21244">
    <groups>
    </groups>
    <test started-at="2022-07-22T19:47:52 IST" name="Default test" finished-at="2022-07-22T19:48:14 IST" duration-ms="21244">
      <class name="com.herokuapp.theinternet.PositiveTest">
        <test-method signature="loginTest()[pri:0, instance:com.herokuapp.theinternet.PositiveTest@293a5bf6]" started-at="2022-07-22T19:47:53 IST" name="loginTest" finished-at="2022-07-22T19:48:14 IST" duration-ms="21163" status="PASS">
          <reporter-output>
          </reporter-output>
        </test-method> <!-- loginTest -->
      </class> <!-- com.herokuapp.theinternet.PositiveTest -->
    </test> <!-- Default test -->
  </suite> <!-- Default suite -->
</testng-results>
