<?xml version="1.0" encoding="UTF-8"?>
<testng-results ignored="0" total="2" passed="2" failed="0" skipped="0">
  <reporter-output>
  </reporter-output>
  <suite started-at="2022-07-24T14:12:09 IST" name="Default suite" finished-at="2022-07-24T14:13:15 IST" duration-ms="65737">
    <groups>
    </groups>
    <test started-at="2022-07-24T14:12:09 IST" name="Default test" finished-at="2022-07-24T14:13:15 IST" duration-ms="65737">
      <class name="com.herokuapp.theinternet.PositiveTest">
        <test-method signature="loginTest()[pri:1, instance:com.herokuapp.theinternet.PositiveTest@4b8ee4de]" started-at="2022-07-24T14:12:10 IST" name="loginTest" finished-at="2022-07-24T14:13:15 IST" duration-ms="65571" status="PASS">
          <reporter-output>
          </reporter-output>
        </test-method> <!-- loginTest -->
        <test-method signature="loginPageTitleTest()[pri:2, instance:com.herokuapp.theinternet.PositiveTest@4b8ee4de]" started-at="2022-07-24T14:13:15 IST" name="loginPageTitleTest" finished-at="2022-07-24T14:13:15 IST" duration-ms="8" status="PASS">
          <reporter-output>
          </reporter-output>
        </test-method> <!-- loginPageTitleTest -->
      </class> <!-- com.herokuapp.theinternet.PositiveTest -->
    </test> <!-- Default test -->
  </suite> <!-- Default suite -->
</testng-results>
