<?xml version="1.0" encoding="UTF-8"?>
<testng-results ignored="0" total="0" passed="0" failed="0" skipped="0">
  <reporter-output>
  </reporter-output>
  <suite started-at="2022-07-20T21:05:45 IST" name="com.herokuapp.theinternet.PositiveTest" finished-at="2022-07-20T21:05:45 IST" duration-ms="21">
    <groups>
    </groups>
    <test started-at="2022-07-20T21:05:45 IST" name="Command line test" finished-at="2022-07-20T21:05:45 IST" duration-ms="21">
    </test> <!-- Command line test -->
  </suite> <!-- com.herokuapp.theinternet.PositiveTest -->
</testng-results>
